audacious-plugins-qt5
bhyve-firmware
bind-tools
chromium
doas
drm-kmod
en-freebsd-doc
evince-lite
fastfetch
firefox-esr
fusefs-ext2
fusefs-jmtpfs
fusefs-simple-mtpfs
git-lite
glx-utils
gmtp
gpu-firmware-intel-kmod-broxton
groff
grub2-bhyve
iridium-browser
keepass
keepassxc
libva-intel-media-driver
lynx
mc
moc
mpg321
mpv
ncdu
netpbm
otter-browser
pkg
py311-pdftotext
py311-psutil
qmmp-qt5
qutebrowser
terminus-font
terminus-ttf
tmux
vim-x11
wifi-firmware-iwlwifi-kmod-7000
xf86-input-evdev
xf86-input-keyboard
xf86-input-mouse
xf86-input-synaptics
xfce
xfce4-cpugraph-plugin
xfce4-diskperf-plugin
xfce4-netload-plugin
xfce4-panel-profiles
xorg-apps
xorg-fonts-100dpi
xorg-fonts-75dpi
xorg-fonts-miscbitmaps
xorg-fonts-type1
xorg-server
